state 13 contains 1 shift/reduce conflicts


-------- Grammar --------

rule 1 target: 
rule 2 target: wml_doc
rule 3 wml_doc: section
rule 4 section: OTAG contents CTAG
rule 5 contents: 
rule 6 contents: contents content
rule 7 content: section
rule 8 content: attribute
rule 9 content: MACRO
rule 10 attribute: ATTR
rule 11 attribute: ATTR APLAIN
rule 12 attribute: ATTR string_val
rule 13 attribute: ATTR MACRO
rule 14 attribute: ATTR ANUMBER
rule 15 string_val: ASTR
rule 16 string_val: UNDERSC ASTR
rule 17 string_val: string_val "+" MACRO

------- Symbols -------

**Nonterminals, with rules where they appear

  $start (11)
    on right: 
    on left : 
  target (12)
    on right: 
    on left : 1 2
  wml_doc (13)
    on right: 2
    on left : 3
  section (14)
    on right: 3 7
    on left : 4
  contents (15)
    on right: 4 6
    on left : 5 6
  content (16)
    on right: 6
    on left : 7 8 9
  attribute (17)
    on right: 8
    on left : 10 11 12 13 14
  string_val (18)
    on right: 12 17
    on left : 15 16 17

**Terminals, with rules where they appear

  $end (0) 
  error (1) 
  OTAG (2) 4
  CTAG (3) 4
  MACRO (4) 9 13 17
  ATTR (5) 10 11 12 13 14
  APLAIN (6) 11
  ANUMBER (7) 14
  ASTR (8) 15 16
  UNDERSC (9) 16
  "+" (10) 17

--------- State ---------

state 0


  OTAG          shift, and go to state 4
  $default      reduce using rule 1 (target)

  target        go to state 1
  wml_doc       go to state 2
  section       go to state 3

state 1


  $end          shift, and go to state 5


state 2

   2) target : wml_doc _

  $default      reduce using rule 2 (target)


state 3

   3) wml_doc : section _

  $default      reduce using rule 3 (wml_doc)


state 4

   4) section : OTAG _ contents CTAG

  $default      reduce using rule 5 (contents)

  contents      go to state 6

state 5


  $end          shift, and go to state 7


state 6

   4) section : OTAG contents _ CTAG
   6) contents : contents _ content

  OTAG          shift, and go to state 4
  CTAG          shift, and go to state 8
  MACRO         shift, and go to state 12
  ATTR          shift, and go to state 13

  content       go to state 9
  section       go to state 10
  attribute     go to state 11

state 7


  $default      accept


state 8

   4) section : OTAG contents CTAG _

  $default      reduce using rule 4 (section)


state 9

   6) contents : contents content _

  $default      reduce using rule 6 (contents)


state 10

   7) content : section _

  $default      reduce using rule 7 (content)


state 11

   8) content : attribute _

  $default      reduce using rule 8 (content)


state 12

   9) content : MACRO _

  $default      reduce using rule 9 (content)


state 13

  10) attribute : ATTR _
  11) attribute : ATTR _ APLAIN
  12) attribute : ATTR _ string_val
  13) attribute : ATTR _ MACRO
  14) attribute : ATTR _ ANUMBER

  MACRO         shift, and go to state 16
  MACRO         [reduce using rule 10 (attribute)]
  APLAIN        shift, and go to state 14
  ANUMBER       shift, and go to state 17
  ASTR          shift, and go to state 18
  UNDERSC       shift, and go to state 19
  $default      reduce using rule 10 (attribute)

  string_val    go to state 15

state 14

  11) attribute : ATTR APLAIN _

  $default      reduce using rule 11 (attribute)


state 15

  12) attribute : ATTR string_val _
  17) string_val : string_val _ "+" MACRO

  "+"           shift, and go to state 20
  $default      reduce using rule 12 (attribute)


state 16

  13) attribute : ATTR MACRO _

  $default      reduce using rule 13 (attribute)


state 17

  14) attribute : ATTR ANUMBER _

  $default      reduce using rule 14 (attribute)


state 18

  15) string_val : ASTR _

  $default      reduce using rule 15 (string_val)


state 19

  16) string_val : UNDERSC _ ASTR

  ASTR          shift, and go to state 21


state 20

  17) string_val : string_val "+" _ MACRO

  MACRO         shift, and go to state 22


state 21

  16) string_val : UNDERSC ASTR _

  $default      reduce using rule 16 (string_val)


state 22

  17) string_val : string_val "+" MACRO _

  $default      reduce using rule 17 (string_val)

